[2025-07-03T17:39:19.406Z] Email transporter created with configuration
{
  "host": "email-smtp.us-east-2.amazonaws.com",
  "port": "587",
  "user": "***",
  "secure": false
}
[2025-07-03T17:39:53.323Z] Email transporter created with configuration
{
  "host": "email-smtp.us-east-2.amazonaws.com",
  "port": "587",
  "user": "***",
  "secure": false
}
[2025-07-03T17:40:10.862Z] Preparing to send vulnerabilities email
{
  "to": "info@wpworld.host",
  "domain": "lucesenlaoscuridad.es",
  "severityLevel": "High",
  "detectionCount": 4
}
[2025-07-03T17:40:10.863Z] Sending vulnerabilities email with subject
{
  "emailSubject": "WPFort Security Alert: Vulnerabilities Found on lucesenlaoscuridad.es"
}
[2025-07-03T17:40:11.863Z] Attempting to send email
{
  "to": "info@wpworld.host",
  "subject": "WPFort Security Alert: Vulnerabilities Found on lucesenlaoscuridad.es"
}
[2025-07-03T17:40:13.985Z] Email sent successfully
{
  "messageId": "<5065c444-6f66-ff96-cdc5-9e055db0d41e@wpfort.ai>",
  "to": "info@wpworld.host",
  "subject": "WPFort Security Alert: Vulnerabilities Found on lucesenlaoscuridad.es"
}
[2025-07-03T17:40:13.985Z] Vulnerabilities email send result
{
  "result": true
}
[2025-07-03T21:42:55.461Z] Email transporter created with configuration
{
  "host": "email-smtp.us-east-2.amazonaws.com",
  "port": "587",
  "user": "***",
  "secure": false
}
[2025-07-03T21:44:27.767Z] Email transporter created with configuration
{
  "host": "email-smtp.us-east-2.amazonaws.com",
  "port": "587",
  "user": "***",
  "secure": false
}
[2025-07-03T21:45:39.873Z] Email transporter created with configuration
{
  "host": "email-smtp.us-east-2.amazonaws.com",
  "port": "587",
  "user": "***",
  "secure": false
}
[2025-07-03T21:46:40.477Z] Attempting to send email
{
  "to": "info@wpworld.host",
  "subject": "Welcome to WPFort.ai – Your WordPress Fortress"
}
[2025-07-03T21:46:42.633Z] Email sent successfully
{
  "messageId": "<cabe2c20-db24-57f4-704f-0f5466441670@wpfort.ai>",
  "to": "info@wpworld.host",
  "subject": "Welcome to WPFort.ai – Your WordPress Fortress"
}
[2025-07-04T08:35:08.061Z] Email transporter created with configuration
{
  "host": "email-smtp.us-east-2.amazonaws.com",
  "port": "587",
  "user": "***",
  "secure": false
}
[2025-07-04T09:10:25.828Z] Attempting to send email
{
  "to": "info@wpworld.host",
  "subject": "New Website Added to WPFort Security"
}
[2025-07-04T09:10:28.147Z] Email sent successfully
{
  "messageId": "<0c845f01-3006-aff7-d091-39fe15bf5752@wpfort.ai>",
  "to": "info@wpworld.host",
  "subject": "New Website Added to WPFort Security"
}
[2025-07-04T09:12:06.251Z] Email transporter created with configuration
{
  "host": "email-smtp.us-east-2.amazonaws.com",
  "port": "587",
  "user": "***",
  "secure": false
}
[2025-07-04T09:12:46.198Z] Attempting to send email
{
  "to": "info@wpworld.host",
  "subject": "sub3.test-wpworld.uk is Now Protected by WPFort.ai 🔐"
}
[2025-07-04T09:12:48.267Z] Email sent successfully
{
  "messageId": "<b2b51d50-f7ca-4dd9-fd91-26057c4a3d17@wpfort.ai>",
  "to": "info@wpworld.host",
  "subject": "sub3.test-wpworld.uk is Now Protected by WPFort.ai 🔐"
}
[2025-07-04T09:16:31.842Z] Email transporter created with configuration
{
  "host": "email-smtp.us-east-2.amazonaws.com",
  "port": "587",
  "user": "***",
  "secure": false
}
[2025-07-04T09:16:32.013Z] Email transporter created with configuration
{
  "host": "email-smtp.us-east-2.amazonaws.com",
  "port": "587",
  "user": "***",
  "secure": false
}
[2025-07-04T09:17:17.247Z] Email transporter created with configuration
{
  "host": "email-smtp.us-east-2.amazonaws.com",
  "port": "587",
  "user": "***",
  "secure": false
}
[2025-07-04T09:18:14.187Z] Attempting to send email
{
  "to": "info@wpworld.host",
  "subject": "sub3.test-wpworld.uk is Now Protected by WPFort.ai 🔐"
}
[2025-07-04T09:18:16.377Z] Email sent successfully
{
  "messageId": "<6246a569-af21-d85c-7a26-6701ad8dbc41@wpfort.ai>",
  "to": "info@wpworld.host",
  "subject": "sub3.test-wpworld.uk is Now Protected by WPFort.ai 🔐"
}
[2025-07-04T09:20:36.001Z] Email transporter created with configuration
{
  "host": "email-smtp.us-east-2.amazonaws.com",
  "port": "587",
  "user": "***",
  "secure": false
}
[2025-07-04T09:20:36.001Z] Email transporter created with configuration
{
  "host": "email-smtp.us-east-2.amazonaws.com",
  "port": "587",
  "user": "***",
  "secure": false
}
[2025-07-04T09:20:36.001Z] Email transporter created with configuration
{
  "host": "email-smtp.us-east-2.amazonaws.com",
  "port": "587",
  "user": "***",
  "secure": false
}
[2025-07-04T09:21:32.732Z] Email transporter created with configuration
{
  "host": "email-smtp.us-east-2.amazonaws.com",
  "port": "587",
  "user": "***",
  "secure": false
}
[2025-07-04T09:22:21.307Z] Attempting to send email
{
  "to": "info@wpworld.host",
  "subject": "sub3.test-wpworld.uk is Now Protected by WPFort.ai 🔐"
}
[2025-07-04T09:22:23.280Z] Email sent successfully
{
  "messageId": "<64e6c46e-40cf-f830-d3d3-818cb47fa5af@wpfort.ai>",
  "to": "info@wpworld.host",
  "subject": "sub3.test-wpworld.uk is Now Protected by WPFort.ai 🔐"
}
[2025-07-04T09:54:59.414Z] Email transporter created with configuration
{
  "host": "email-smtp.us-east-2.amazonaws.com",
  "port": "587",
  "user": "***",
  "secure": false
}
[2025-07-04T09:54:59.414Z] Email transporter created with configuration
{
  "host": "email-smtp.us-east-2.amazonaws.com",
  "port": "587",
  "user": "***",
  "secure": false
}
[2025-07-04T09:54:59.415Z] Email transporter created with configuration
{
  "host": "email-smtp.us-east-2.amazonaws.com",
  "port": "587",
  "user": "***",
  "secure": false
}
[2025-07-04T09:54:59.414Z] Email transporter created with configuration
{
  "host": "email-smtp.us-east-2.amazonaws.com",
  "port": "587",
  "user": "***",
  "secure": false
}
[2025-07-04T09:56:03.868Z] Email transporter created with configuration
{
  "host": "email-smtp.us-east-2.amazonaws.com",
  "port": "587",
  "user": "***",
  "secure": false
}
[2025-07-04T09:56:55.967Z] Preparing to send vulnerabilities email
{
  "to": "info@wpworld.host",
  "domain": "sub3.test-wpworld.uk",
  "severityLevel": "Critical",
  "detectionCount": 7
}
[2025-07-04T09:56:55.971Z] Sending vulnerabilities email with subject
{
  "emailSubject": "⚠️ WPFort Found 7 Vulnerabilities on Your Site – Take Action Now"
}
[2025-07-04T09:56:56.972Z] Attempting to send email
{
  "to": "info@wpworld.host",
  "subject": "⚠️ WPFort Found 7 Vulnerabilities on Your Site – Take Action Now"
}
[2025-07-04T09:56:59.277Z] Email sent successfully
{
  "messageId": "<8129b05f-6a2a-6080-bf0c-de14e82de7ac@wpfort.ai>",
  "to": "info@wpworld.host",
  "subject": "⚠️ WPFort Found 7 Vulnerabilities on Your Site – Take Action Now"
}
[2025-07-04T09:56:59.277Z] Vulnerabilities email send result
{
  "result": true
}
[2025-07-04T10:01:08.217Z] Email transporter created with configuration
{
  "host": "email-smtp.us-east-2.amazonaws.com",
  "port": "587",
  "user": "***",
  "secure": false
}
[2025-07-04T10:01:08.217Z] Email transporter created with configuration
{
  "host": "email-smtp.us-east-2.amazonaws.com",
  "port": "587",
  "user": "***",
  "secure": false
}
[2025-07-04T10:01:08.217Z] Email transporter created with configuration
{
  "host": "email-smtp.us-east-2.amazonaws.com",
  "port": "587",
  "user": "***",
  "secure": false
}
[2025-07-04T10:01:08.217Z] Email transporter created with configuration
{
  "host": "email-smtp.us-east-2.amazonaws.com",
  "port": "587",
  "user": "***",
  "secure": false
}
[2025-07-04T10:01:08.217Z] Email transporter created with configuration
{
  "host": "email-smtp.us-east-2.amazonaws.com",
  "port": "587",
  "user": "***",
  "secure": false
}
[2025-07-04T10:02:04.134Z] Email transporter created with configuration
{
  "host": "email-smtp.us-east-2.amazonaws.com",
  "port": "587",
  "user": "***",
  "secure": false
}
[2025-07-04T10:02:40.109Z] Preparing to send vulnerabilities email
{
  "to": "info@wpworld.host",
  "domain": "sub3.test-wpworld.uk",
  "severityLevel": "Critical",
  "detectionCount": 7
}
[2025-07-04T10:02:40.110Z] Sending vulnerabilities email with subject
{
  "emailSubject": "⚠️ WPFort Found 7 Vulnerabilities on Your Site – Take Action Now"
}
[2025-07-04T10:02:41.112Z] Attempting to send email
{
  "to": "info@wpworld.host",
  "subject": "⚠️ WPFort Found 7 Vulnerabilities on Your Site – Take Action Now"
}
[2025-07-04T10:02:43.488Z] Email sent successfully
{
  "messageId": "<9f4be295-a7a0-2569-adec-7ad94f921782@wpfort.ai>",
  "to": "info@wpworld.host",
  "subject": "⚠️ WPFort Found 7 Vulnerabilities on Your Site – Take Action Now"
}
[2025-07-04T10:02:43.489Z] Vulnerabilities email send result
{
  "result": true
}
